============================= test session starts =============================
platform win32 -- Python 3.14.3, pytest-9.1.1, pluggy-1.6.0 -- C:\Users\kenne\AppData\Local\Python\pythoncore-3.14-64\python.exe
cachedir: .pytest_cache
rootdir: C:\Users\kenne\OneDrive\Documents\GitHub\ai110-module1show-gameglitchinvestigator-starter1
plugins: anyio-4.13.0
collecting ... collected 14 items

tests/test_game_logic.py::test_winning_guess PASSED                      [  7%]
tests/test_game_logic.py::test_guess_too_high PASSED                     [ 14%]
tests/test_game_logic.py::test_guess_too_low PASSED                      [ 21%]
tests/test_game_logic.py::test_hint_for_too_high_says_go_lower PASSED    [ 28%]
tests/test_game_logic.py::test_hint_for_too_low_says_go_higher PASSED    [ 35%]
tests/test_game_logic.py::test_top_of_range_guess_is_never_too_low PASSED [ 42%]
tests/test_game_logic.py::test_string_secret_still_compares_as_a_number PASSED [ 50%]
tests/test_game_logic.py::test_guess_above_range_is_rejected PASSED      [ 57%]
tests/test_game_logic.py::test_negative_guess_is_rejected PASSED         [ 64%]
tests/test_game_logic.py::test_guess_outside_easy_range_is_rejected PASSED [ 71%]
tests/test_game_logic.py::test_guess_inside_range_is_accepted PASSED     [ 78%]
tests/test_game_logic.py::test_range_boundaries_are_inclusive PASSED     [ 85%]
tests/test_game_logic.py::test_non_numeric_input_is_still_rejected PASSED [ 92%]
tests/test_game_logic.py::test_empty_input_is_still_rejected PASSED      [100%]

============================= 14 passed in 0.11s ==============================
